app/build/intermediates/manifest_merge_blame_file/debug/manifest-merger-blame-debug-report.txt
1<?xml version="1.0" encoding="utf-8"?>
2<manifest xmlns:android="http://schemas.android.com/apk/res/android"
3    package="com.travelku.app"
4    android:versionCode="1"
5    android:versionName="1.0" >
6
7    <uses-sdk
8        android:minSdkVersion="24"
9        android:targetSdkVersion="34" />
10
11    <uses-permission android:name="android.permission.INTERNET" />
11-->src\main\AndroidManifest.xml:3:5-66
11-->src\main\AndroidManifest.xml:3:22-64
12
13    <permission
13-->[androidx.core:core:1.12.0] AndroidManifest.xml:22:5-24:47
14        android:name="com.travelku.app.DYNAMIC_RECEIVER_NOT_EXPORTED_PERMISSION"
14-->[androidx.core:core:1.12.0] AndroidManifest.xml:23:9-81
15        android:protectionLevel="signature" />
15-->[androidx.core:core:1.12.0] AndroidManifest.xml:24:9-44
16
17    <uses-permission android:name="com.travelku.app.DYNAMIC_RECEIVER_NOT_EXPORTED_PERMISSION" />
17-->[androidx.core:core:1.12.0] AndroidManifest.xml:26:5-97
17-->[androidx.core:core:1.12.0] AndroidManifest.xml:26:22-94
18
19    <application
19-->src\main\AndroidManifest.xml:4:5-26:19
20        android:allowBackup="true"
20-->src\main\AndroidManifest.xml:5:9-35
21        android:appComponentFactory="androidx.core.app.CoreComponentFactory"
21-->[androidx.core:core:1.12.0] AndroidManifest.xml:28:18-86
22        android:debuggable="true"
23        android:extractNativeLibs="false"
24        android:label="TravelKu"
24-->src\main\AndroidManifest.xml:6:9-33
25        android:testOnly="true"
26        android:theme="@style/Theme.TravelKu"
26-->src\main\AndroidManifest.xml:8:9-46
27        android:usesCleartextTraffic="true" >
27-->src\main\AndroidManifest.xml:7:9-44
28        <activity
28-->src\main\AndroidManifest.xml:9:9-14:20
29            android:name="com.travelku.app.SplashActivity"
29-->src\main\AndroidManifest.xml:9:19-49
30            android:exported="true" >
30-->src\main\AndroidManifest.xml:9:50-73
31            <intent-filter>
31-->src\main\AndroidManifest.xml:10:13-13:29
32                <action android:name="android.intent.action.MAIN" />
32-->src\main\AndroidManifest.xml:11:17-69
32-->src\main\AndroidManifest.xml:11:25-66
33
34                <category android:name="android.intent.category.LAUNCHER" />
34-->src\main\AndroidManifest.xml:12:17-77
34-->src\main\AndroidManifest.xml:12:27-74
35            </intent-filter>
36        </activity>
37        <activity android:name="com.travelku.app.PilihKotaActivity" />
37-->src\main\AndroidManifest.xml:15:9-55
37-->src\main\AndroidManifest.xml:15:19-52
38        <activity android:name="com.travelku.app.KatalogTravelActivity" />
38-->src\main\AndroidManifest.xml:16:9-59
38-->src\main\AndroidManifest.xml:16:19-56
39        <activity android:name="com.travelku.app.PilihKursiActivity" />
39-->src\main\AndroidManifest.xml:17:9-56
39-->src\main\AndroidManifest.xml:17:19-53
40        <activity android:name="com.travelku.app.DataPenumpangActivity" />
40-->src\main\AndroidManifest.xml:18:9-59
40-->src\main\AndroidManifest.xml:18:19-56
41        <activity android:name="com.travelku.app.DetailPemesananActivity" />
41-->src\main\AndroidManifest.xml:19:9-61
41-->src\main\AndroidManifest.xml:19:19-58
42        <activity android:name="com.travelku.app.RiwayatPemesananActivity" />
42-->src\main\AndroidManifest.xml:20:9-62
42-->src\main\AndroidManifest.xml:20:19-59
43        <activity android:name="com.travelku.app.MainActivity" />
43-->src\main\AndroidManifest.xml:21:9-50
43-->src\main\AndroidManifest.xml:21:19-47
44        <activity android:name="com.travelku.app.RegisterActivity" />
44-->src\main\AndroidManifest.xml:22:9-54
44-->src\main\AndroidManifest.xml:22:19-51
45        <activity android:name="com.travelku.app.LoginActivity" />
45-->src\main\AndroidManifest.xml:23:9-51
45-->src\main\AndroidManifest.xml:23:19-48
46
47        <provider
47-->[androidx.emoji2:emoji2:1.2.0] AndroidManifest.xml:24:9-32:20
48            android:name="androidx.startup.InitializationProvider"
48-->[androidx.emoji2:emoji2:1.2.0] AndroidManifest.xml:25:13-67
49            android:authorities="com.travelku.app.androidx-startup"
49-->[androidx.emoji2:emoji2:1.2.0] AndroidManifest.xml:26:13-68
50            android:exported="false" >
50-->[androidx.emoji2:emoji2:1.2.0] AndroidManifest.xml:27:13-37
51            <meta-data
51-->[androidx.emoji2:emoji2:1.2.0] AndroidManifest.xml:29:13-31:52
52                android:name="androidx.emoji2.text.EmojiCompatInitializer"
52-->[androidx.emoji2:emoji2:1.2.0] AndroidManifest.xml:30:17-75
53                android:value="androidx.startup" />
53-->[androidx.emoji2:emoji2:1.2.0] AndroidManifest.xml:31:17-49
54            <meta-data
54-->[androidx.lifecycle:lifecycle-process:2.6.1] AndroidManifest.xml:29:13-31:52
55                android:name="androidx.lifecycle.ProcessLifecycleInitializer"
55-->[androidx.lifecycle:lifecycle-process:2.6.1] AndroidManifest.xml:30:17-78
56                android:value="androidx.startup" />
56-->[androidx.lifecycle:lifecycle-process:2.6.1] AndroidManifest.xml:31:17-49
57            <meta-data
57-->[androidx.profileinstaller:profileinstaller:1.3.0] AndroidManifest.xml:29:13-31:52
58                android:name="androidx.profileinstaller.ProfileInstallerInitializer"
58-->[androidx.profileinstaller:profileinstaller:1.3.0] AndroidManifest.xml:30:17-85
59                android:value="androidx.startup" />
59-->[androidx.profileinstaller:profileinstaller:1.3.0] AndroidManifest.xml:31:17-49
60        </provider>
61
62        <receiver
62-->[androidx.profileinstaller:profileinstaller:1.3.0] AndroidManifest.xml:34:9-52:20
63            android:name="androidx.profileinstaller.ProfileInstallReceiver"
63-->[androidx.profileinstaller:profileinstaller:1.3.0] AndroidManifest.xml:35:13-76
64            android:directBootAware="false"
64-->[androidx.profileinstaller:profileinstaller:1.3.0] AndroidManifest.xml:36:13-44
65            android:enabled="true"
65-->[androidx.profileinstaller:profileinstaller:1.3.0] AndroidManifest.xml:37:13-35
66            android:exported="true"
66-->[androidx.profileinstaller:profileinstaller:1.3.0] AndroidManifest.xml:38:13-36
67            android:permission="android.permission.DUMP" >
67-->[androidx.profileinstaller:profileinstaller:1.3.0] AndroidManifest.xml:39:13-57
68            <intent-filter>
68-->[androidx.profileinstaller:profileinstaller:1.3.0] AndroidManifest.xml:40:13-42:29
69                <action android:name="androidx.profileinstaller.action.INSTALL_PROFILE" />
69-->[androidx.profileinstaller:profileinstaller:1.3.0] AndroidManifest.xml:41:17-91
69-->[androidx.profileinstaller:profileinstaller:1.3.0] AndroidManifest.xml:41:25-88
70            </intent-filter>
71            <intent-filter>
71-->[androidx.profileinstaller:profileinstaller:1.3.0] AndroidManifest.xml:43:13-45:29
72                <action android:name="androidx.profileinstaller.action.SKIP_FILE" />
72-->[androidx.profileinstaller:profileinstaller:1.3.0] AndroidManifest.xml:44:17-85
72-->[androidx.profileinstaller:profileinstaller:1.3.0] AndroidManifest.xml:44:25-82
73            </intent-filter>
74            <intent-filter>
74-->[androidx.profileinstaller:profileinstaller:1.3.0] AndroidManifest.xml:46:13-48:29
75                <action android:name="androidx.profileinstaller.action.SAVE_PROFILE" />
75-->[androidx.profileinstaller:profileinstaller:1.3.0] AndroidManifest.xml:47:17-88
75-->[androidx.profileinstaller:profileinstaller:1.3.0] AndroidManifest.xml:47:25-85
76            </intent-filter>
77            <intent-filter>
77-->[androidx.profileinstaller:profileinstaller:1.3.0] AndroidManifest.xml:49:13-51:29
78                <action android:name="androidx.profileinstaller.action.BENCHMARK_OPERATION" />
78-->[androidx.profileinstaller:profileinstaller:1.3.0] AndroidManifest.xml:50:17-95
78-->[androidx.profileinstaller:profileinstaller:1.3.0] AndroidManifest.xml:50:25-92
79            </intent-filter>
80        </receiver>
81    </application>
82
83</manifest>